<?xml version="1.0" encoding="UTF-8"?>
<testng-results skipped="0" failed="0" ignored="0" total="10" passed="10">
  <reporter-output>
  </reporter-output>
  <suite name="Suite" duration-ms="7055" started-at="2021-09-14T10:59:46Z" finished-at="2021-09-14T10:59:53Z">
    <groups>
    </groups>
    <test name="Test" duration-ms="7055" started-at="2021-09-14T10:59:46Z" finished-at="2021-09-14T10:59:53Z">
      <class name="org.samp.Adactin">
        <test-method status="PASS" signature="beforeclass()[pri:0, instance:org.samp.Adactin@48e4374]" name="beforeclass" is-config="true" duration-ms="4924" started-at="2021-09-14T10:59:46Z" finished-at="2021-09-14T10:59:51Z">
          <reporter-output>
          </reporter-output>
        </test-method> <!-- beforeclass -->
        <test-method status="PASS" signature="tc1(java.lang.String)[pri:0, instance:org.samp.Adactin@48e4374]" name="tc1" duration-ms="71" started-at="2021-09-14T10:59:51Z" finished-at="2021-09-14T10:59:51Z">
          <params>
            <param index="0">
              <value>
                <![CDATA[Gokul2109]]>
              </value>
            </param>
          </params>
          <reporter-output>
          </reporter-output>
        </test-method> <!-- tc1 -->
        <test-method status="PASS" signature="tc2(java.lang.String)[pri:1, instance:org.samp.Adactin@48e4374]" name="tc2" duration-ms="61" started-at="2021-09-14T10:59:51Z" finished-at="2021-09-14T10:59:51Z">
          <params>
            <param index="0">
              <value>
                <![CDATA[gokul@2109]]>
              </value>
            </param>
          </params>
          <reporter-output>
          </reporter-output>
        </test-method> <!-- tc2 -->
        <test-method status="PASS" signature="tc3()[pri:2, instance:org.samp.Adactin@48e4374]" name="tc3" duration-ms="787" started-at="2021-09-14T10:59:51Z" finished-at="2021-09-14T10:59:51Z">
          <reporter-output>
          </reporter-output>
        </test-method> <!-- tc3 -->
        <test-method status="PASS" signature="Location()[pri:3, instance:org.samp.Adactin@48e4374]" name="Location" duration-ms="125" started-at="2021-09-14T10:59:51Z" finished-at="2021-09-14T10:59:52Z">
          <reporter-output>
          </reporter-output>
        </test-method> <!-- Location -->
        <test-method status="PASS" signature="hotel()[pri:4, instance:org.samp.Adactin@48e4374]" name="hotel" duration-ms="100" started-at="2021-09-14T10:59:52Z" finished-at="2021-09-14T10:59:52Z">
          <reporter-output>
          </reporter-output>
        </test-method> <!-- hotel -->
        <test-method status="PASS" signature="roomtype()[pri:5, instance:org.samp.Adactin@48e4374]" name="roomtype" duration-ms="88" started-at="2021-09-14T10:59:52Z" finished-at="2021-09-14T10:59:52Z">
          <reporter-output>
          </reporter-output>
        </test-method> <!-- roomtype -->
        <test-method status="PASS" signature="roomnos()[pri:6, instance:org.samp.Adactin@48e4374]" name="roomnos" duration-ms="109" started-at="2021-09-14T10:59:52Z" finished-at="2021-09-14T10:59:52Z">
          <reporter-output>
          </reporter-output>
        </test-method> <!-- roomnos -->
        <test-method status="PASS" signature="adultroom()[pri:7, instance:org.samp.Adactin@48e4374]" name="adultroom" duration-ms="65" started-at="2021-09-14T10:59:52Z" finished-at="2021-09-14T10:59:52Z">
          <reporter-output>
          </reporter-output>
        </test-method> <!-- adultroom -->
        <test-method status="PASS" signature="childroom()[pri:8, instance:org.samp.Adactin@48e4374]" name="childroom" duration-ms="115" started-at="2021-09-14T10:59:52Z" finished-at="2021-09-14T10:59:52Z">
          <reporter-output>
          </reporter-output>
        </test-method> <!-- childroom -->
        <test-method status="PASS" signature="search()[pri:9, instance:org.samp.Adactin@48e4374]" name="search" duration-ms="583" started-at="2021-09-14T10:59:52Z" finished-at="2021-09-14T10:59:53Z">
          <reporter-output>
          </reporter-output>
        </test-method> <!-- search -->
      </class> <!-- org.samp.Adactin -->
    </test> <!-- Test -->
  </suite> <!-- Suite -->
</testng-results>
